C:\USERS\ADMINISTRATOR\DOCUMENTS\VISUAL STUDIO 2012\PROJECTS\CATCHFISH\CATCHFISH\DEBUG\BULLET.OBJ
C:\USERS\ADMINISTRATOR\DOCUMENTS\VISUAL STUDIO 2012\PROJECTS\CATCHFISH\CATCHFISH\DEBUG\BULLETONE.OBJ
C:\USERS\ADMINISTRATOR\DOCUMENTS\VISUAL STUDIO 2012\PROJECTS\CATCHFISH\CATCHFISH\DEBUG\BULLETTHREE.OBJ
C:\USERS\ADMINISTRATOR\DOCUMENTS\VISUAL STUDIO 2012\PROJECTS\CATCHFISH\CATCHFISH\DEBUG\BULLETTWO.OBJ
C:\USERS\ADMINISTRATOR\DOCUMENTS\VISUAL STUDIO 2012\PROJECTS\CATCHFISH\CATCHFISH\DEBUG\CAPTURE.OBJ
C:\USERS\ADMINISTRATOR\DOCUMENTS\VISUAL STUDIO 2012\PROJECTS\CATCHFISH\CATCHFISH\DEBUG\CCAPTURECTRL.OBJ
C:\USERS\ADMINISTRATOR\DOCUMENTS\VISUAL STUDIO 2012\PROJECTS\CATCHFISH\CATCHFISH\DEBUG\ELECTRICRAY.OBJ
C:\USERS\ADMINISTRATOR\DOCUMENTS\VISUAL STUDIO 2012\PROJECTS\CATCHFISH\CATCHFISH\DEBUG\FISH.OBJ
C:\USERS\ADMINISTRATOR\DOCUMENTS\VISUAL STUDIO 2012\PROJECTS\CATCHFISH\CATCHFISH\DEBUG\FROG.OBJ
C:\USERS\ADMINISTRATOR\DOCUMENTS\VISUAL STUDIO 2012\PROJECTS\CATCHFISH\CATCHFISH\DEBUG\GOLDCOIN.OBJ
C:\USERS\ADMINISTRATOR\DOCUMENTS\VISUAL STUDIO 2012\PROJECTS\CATCHFISH\CATCHFISH\DEBUG\GOLDFISH.OBJ
C:\USERS\ADMINISTRATOR\DOCUMENTS\VISUAL STUDIO 2012\PROJECTS\CATCHFISH\CATCHFISH\DEBUG\GOLDENDRAGON.OBJ
C:\USERS\ADMINISTRATOR\DOCUMENTS\VISUAL STUDIO 2012\PROJECTS\CATCHFISH\CATCHFISH\DEBUG\GOLDENFISH.OBJ
C:\USERS\ADMINISTRATOR\DOCUMENTS\VISUAL STUDIO 2012\PROJECTS\CATCHFISH\CATCHFISH\DEBUG\MERMAID.OBJ
C:\USERS\ADMINISTRATOR\DOCUMENTS\VISUAL STUDIO 2012\PROJECTS\CATCHFISH\CATCHFISH\DEBUG\NET.OBJ
C:\USERS\ADMINISTRATOR\DOCUMENTS\VISUAL STUDIO 2012\PROJECTS\CATCHFISH\CATCHFISH\DEBUG\PURPLEFISH.OBJ
C:\USERS\ADMINISTRATOR\DOCUMENTS\VISUAL STUDIO 2012\PROJECTS\CATCHFISH\CATCHFISH\DEBUG\SMALLFISH.OBJ
C:\USERS\ADMINISTRATOR\DOCUMENTS\VISUAL STUDIO 2012\PROJECTS\CATCHFISH\CATCHFISH\DEBUG\TUNA.OBJ
C:\USERS\ADMINISTRATOR\DOCUMENTS\VISUAL STUDIO 2012\PROJECTS\CATCHFISH\CATCHFISH\DEBUG\TURTLE.OBJ
C:\USERS\ADMINISTRATOR\DOCUMENTS\VISUAL STUDIO 2012\PROJECTS\CATCHFISH\CATCHFISH\DEBUG\WINMAIN.OBJ
C:\USERS\ADMINISTRATOR\DOCUMENTS\VISUAL STUDIO 2012\PROJECTS\CATCHFISH\CATCHFISH\DEBUG\BACK.OBJ
C:\USERS\ADMINISTRATOR\DOCUMENTS\VISUAL STUDIO 2012\PROJECTS\CATCHFISH\CATCHFISH\DEBUG\BIGFISH.OBJ
C:\USERS\ADMINISTRATOR\DOCUMENTS\VISUAL STUDIO 2012\PROJECTS\CATCHFISH\CATCHFISH\DEBUG\BLUEWHALE.OBJ
C:\USERS\ADMINISTRATOR\DOCUMENTS\VISUAL STUDIO 2012\PROJECTS\CATCHFISH\CATCHFISH\DEBUG\VC110.PDB
C:\USERS\ADMINISTRATOR\DOCUMENTS\VISUAL STUDIO 2012\PROJECTS\CATCHFISH\CATCHFISH\DEBUG\LEVEL.OBJ
C:\USERS\ADMINISTRATOR\DOCUMENTS\VISUAL STUDIO 2012\PROJECTS\CATCHFISH\DEBUG\CATCHFISH.ILK
C:\USERS\ADMINISTRATOR\DOCUMENTS\VISUAL STUDIO 2012\PROJECTS\CATCHFISH\DEBUG\CATCHFISH.EXE
C:\USERS\ADMINISTRATOR\DOCUMENTS\VISUAL STUDIO 2012\PROJECTS\CATCHFISH\DEBUG\CATCHFISH.PDB
C:\USERS\ADMINISTRATOR\DOCUMENTS\VISUAL STUDIO 2012\PROJECTS\CATCHFISH\CATCHFISH\DEBUG\CATCHFISH.RES
C:\Users\Administrator\Documents\Visual Studio 2012\Projects\CatchFish\CatchFish\Debug\Back.obj
C:\Users\Administrator\Documents\Visual Studio 2012\Projects\CatchFish\CatchFish\Debug\BigFish.obj
C:\Users\Administrator\Documents\Visual Studio 2012\Projects\CatchFish\CatchFish\Debug\BlueWhale.obj
C:\Users\Administrator\Documents\Visual Studio 2012\Projects\CatchFish\CatchFish\Debug\Bullet.obj
C:\Users\Administrator\Documents\Visual Studio 2012\Projects\CatchFish\CatchFish\Debug\BulletOne.obj
C:\Users\Administrator\Documents\Visual Studio 2012\Projects\CatchFish\CatchFish\Debug\BulletThree.obj
C:\Users\Administrator\Documents\Visual Studio 2012\Projects\CatchFish\CatchFish\Debug\BulletTwo.obj
C:\Users\Administrator\Documents\Visual Studio 2012\Projects\CatchFish\CatchFish\Debug\Capture.obj
C:\Users\Administrator\Documents\Visual Studio 2012\Projects\CatchFish\CatchFish\Debug\CCaptureCtrl.obj
C:\Users\Administrator\Documents\Visual Studio 2012\Projects\CatchFish\CatchFish\Debug\ElectricRay.obj
C:\Users\Administrator\Documents\Visual Studio 2012\Projects\CatchFish\CatchFish\Debug\Fish.obj
C:\Users\Administrator\Documents\Visual Studio 2012\Projects\CatchFish\CatchFish\Debug\Frog.obj
C:\Users\Administrator\Documents\Visual Studio 2012\Projects\CatchFish\CatchFish\Debug\GoldCoin.obj
C:\Users\Administrator\Documents\Visual Studio 2012\Projects\CatchFish\CatchFish\Debug\GoldenDragon.obj
C:\Users\Administrator\Documents\Visual Studio 2012\Projects\CatchFish\CatchFish\Debug\GoldenFish.obj
C:\Users\Administrator\Documents\Visual Studio 2012\Projects\CatchFish\CatchFish\Debug\GoldFish.obj
C:\Users\Administrator\Documents\Visual Studio 2012\Projects\CatchFish\CatchFish\Debug\Level.obj
C:\Users\Administrator\Documents\Visual Studio 2012\Projects\CatchFish\CatchFish\Debug\Mermaid.obj
C:\Users\Administrator\Documents\Visual Studio 2012\Projects\CatchFish\CatchFish\Debug\Net.obj
C:\Users\Administrator\Documents\Visual Studio 2012\Projects\CatchFish\CatchFish\Debug\PurpleFish.obj
C:\Users\Administrator\Documents\Visual Studio 2012\Projects\CatchFish\CatchFish\Debug\SmallFish.obj
C:\Users\Administrator\Documents\Visual Studio 2012\Projects\CatchFish\CatchFish\Debug\Tuna.obj
C:\Users\Administrator\Documents\Visual Studio 2012\Projects\CatchFish\CatchFish\Debug\Turtle.obj
C:\Users\Administrator\Documents\Visual Studio 2012\Projects\CatchFish\CatchFish\Debug\WinMain.obj
C:\Users\Administrator\Documents\Visual Studio 2012\Projects\CatchFish\CatchFish\Debug\cl.command.1.tlog
C:\Users\Administrator\Documents\Visual Studio 2012\Projects\CatchFish\CatchFish\Debug\CL.read.1.tlog
C:\Users\Administrator\Documents\Visual Studio 2012\Projects\CatchFish\CatchFish\Debug\CL.write.1.tlog
C:\Users\Administrator\Documents\Visual Studio 2012\Projects\CatchFish\CatchFish\Debug\link-cvtres.read.1.tlog
C:\Users\Administrator\Documents\Visual Studio 2012\Projects\CatchFish\CatchFish\Debug\link-cvtres.write.1.tlog
C:\Users\Administrator\Documents\Visual Studio 2012\Projects\CatchFish\CatchFish\Debug\link-rc.read.1.tlog
C:\Users\Administrator\Documents\Visual Studio 2012\Projects\CatchFish\CatchFish\Debug\link-rc.write.1.tlog
C:\Users\Administrator\Documents\Visual Studio 2012\Projects\CatchFish\CatchFish\Debug\link.2660-cvtres.read.1.tlog
C:\Users\Administrator\Documents\Visual Studio 2012\Projects\CatchFish\CatchFish\Debug\link.2660-cvtres.write.1.tlog
C:\Users\Administrator\Documents\Visual Studio 2012\Projects\CatchFish\CatchFish\Debug\link.2660-rc.read.1.tlog
C:\Users\Administrator\Documents\Visual Studio 2012\Projects\CatchFish\CatchFish\Debug\link.2660-rc.write.1.tlog
C:\Users\Administrator\Documents\Visual Studio 2012\Projects\CatchFish\CatchFish\Debug\link.2660.read.1.tlog
C:\Users\Administrator\Documents\Visual Studio 2012\Projects\CatchFish\CatchFish\Debug\link.2660.write.1.tlog
C:\Users\Administrator\Documents\Visual Studio 2012\Projects\CatchFish\CatchFish\Debug\link.4240-cvtres.read.1.tlog
C:\Users\Administrator\Documents\Visual Studio 2012\Projects\CatchFish\CatchFish\Debug\link.4240-cvtres.write.1.tlog
C:\Users\Administrator\Documents\Visual Studio 2012\Projects\CatchFish\CatchFish\Debug\link.4240-rc.read.1.tlog
C:\Users\Administrator\Documents\Visual Studio 2012\Projects\CatchFish\CatchFish\Debug\link.4240-rc.write.1.tlog
C:\Users\Administrator\Documents\Visual Studio 2012\Projects\CatchFish\CatchFish\Debug\link.4240.read.1.tlog
C:\Users\Administrator\Documents\Visual Studio 2012\Projects\CatchFish\CatchFish\Debug\link.4240.write.1.tlog
C:\Users\Administrator\Documents\Visual Studio 2012\Projects\CatchFish\CatchFish\Debug\link.4860-cvtres.read.1.tlog
C:\Users\Administrator\Documents\Visual Studio 2012\Projects\CatchFish\CatchFish\Debug\link.4860-cvtres.write.1.tlog
C:\Users\Administrator\Documents\Visual Studio 2012\Projects\CatchFish\CatchFish\Debug\link.4860-rc.read.1.tlog
C:\Users\Administrator\Documents\Visual Studio 2012\Projects\CatchFish\CatchFish\Debug\link.4860-rc.write.1.tlog
C:\Users\Administrator\Documents\Visual Studio 2012\Projects\CatchFish\CatchFish\Debug\link.4860.read.1.tlog
C:\Users\Administrator\Documents\Visual Studio 2012\Projects\CatchFish\CatchFish\Debug\link.4860.write.1.tlog
C:\Users\Administrator\Documents\Visual Studio 2012\Projects\CatchFish\CatchFish\Debug\link.5520-cvtres.read.1.tlog
C:\Users\Administrator\Documents\Visual Studio 2012\Projects\CatchFish\CatchFish\Debug\link.5520-cvtres.write.1.tlog
C:\Users\Administrator\Documents\Visual Studio 2012\Projects\CatchFish\CatchFish\Debug\link.5520-rc.read.1.tlog
C:\Users\Administrator\Documents\Visual Studio 2012\Projects\CatchFish\CatchFish\Debug\link.5520-rc.write.1.tlog
C:\Users\Administrator\Documents\Visual Studio 2012\Projects\CatchFish\CatchFish\Debug\link.5520.read.1.tlog
C:\Users\Administrator\Documents\Visual Studio 2012\Projects\CatchFish\CatchFish\Debug\link.5520.write.1.tlog
C:\Users\Administrator\Documents\Visual Studio 2012\Projects\CatchFish\CatchFish\Debug\link.6324-cvtres.read.1.tlog
C:\Users\Administrator\Documents\Visual Studio 2012\Projects\CatchFish\CatchFish\Debug\link.6324-cvtres.write.1.tlog
C:\Users\Administrator\Documents\Visual Studio 2012\Projects\CatchFish\CatchFish\Debug\link.6324-rc.read.1.tlog
C:\Users\Administrator\Documents\Visual Studio 2012\Projects\CatchFish\CatchFish\Debug\link.6324-rc.write.1.tlog
C:\Users\Administrator\Documents\Visual Studio 2012\Projects\CatchFish\CatchFish\Debug\link.6324.read.1.tlog
C:\Users\Administrator\Documents\Visual Studio 2012\Projects\CatchFish\CatchFish\Debug\link.6324.write.1.tlog
C:\Users\Administrator\Documents\Visual Studio 2012\Projects\CatchFish\CatchFish\Debug\link.7384-cvtres.read.1.tlog
C:\Users\Administrator\Documents\Visual Studio 2012\Projects\CatchFish\CatchFish\Debug\link.7384-cvtres.write.1.tlog
C:\Users\Administrator\Documents\Visual Studio 2012\Projects\CatchFish\CatchFish\Debug\link.7384-rc.read.1.tlog
C:\Users\Administrator\Documents\Visual Studio 2012\Projects\CatchFish\CatchFish\Debug\link.7384-rc.write.1.tlog
C:\Users\Administrator\Documents\Visual Studio 2012\Projects\CatchFish\CatchFish\Debug\link.7384.read.1.tlog
C:\Users\Administrator\Documents\Visual Studio 2012\Projects\CatchFish\CatchFish\Debug\link.7384.write.1.tlog
C:\Users\Administrator\Documents\Visual Studio 2012\Projects\CatchFish\CatchFish\Debug\link.8820-cvtres.read.1.tlog
C:\Users\Administrator\Documents\Visual Studio 2012\Projects\CatchFish\CatchFish\Debug\link.8820-cvtres.write.1.tlog
C:\Users\Administrator\Documents\Visual Studio 2012\Projects\CatchFish\CatchFish\Debug\link.8820-rc.read.1.tlog
C:\Users\Administrator\Documents\Visual Studio 2012\Projects\CatchFish\CatchFish\Debug\link.8820-rc.write.1.tlog
C:\Users\Administrator\Documents\Visual Studio 2012\Projects\CatchFish\CatchFish\Debug\link.8820.read.1.tlog
C:\Users\Administrator\Documents\Visual Studio 2012\Projects\CatchFish\CatchFish\Debug\link.8820.write.1.tlog
C:\Users\Administrator\Documents\Visual Studio 2012\Projects\CatchFish\CatchFish\Debug\link.command.1.tlog
C:\Users\Administrator\Documents\Visual Studio 2012\Projects\CatchFish\CatchFish\Debug\link.read.1.tlog
C:\Users\Administrator\Documents\Visual Studio 2012\Projects\CatchFish\CatchFish\Debug\link.write.1.tlog
C:\Users\Administrator\Documents\Visual Studio 2012\Projects\CatchFish\CatchFish\Debug\rc.command.1.tlog
C:\Users\Administrator\Documents\Visual Studio 2012\Projects\CatchFish\CatchFish\Debug\rc.read.1.tlog
C:\Users\Administrator\Documents\Visual Studio 2012\Projects\CatchFish\CatchFish\Debug\rc.write.1.tlog
C:\Users\Administrator\Documents\Visual Studio 2012\Projects\CatchFish\CatchFish\Debug\CatchFish.res
C:\Users\Administrator\Documents\Visual Studio 2012\Projects\CatchFish\CatchFish\Debug\vc110.idb
C:\Users\Administrator\Documents\Visual Studio 2012\Projects\CatchFish\CatchFish\Debug\vc110.pdb
C:\Users\Administrator\Documents\Visual Studio 2012\Projects\CatchFish\Debug\CatchFish.pdb
C:\Users\Administrator\Documents\Visual Studio 2012\Projects\CatchFish\Debug\CatchFish.exe
C:\Users\Administrator\Documents\Visual Studio 2012\Projects\CatchFish\Debug\CatchFish.ilk
